<?xml version="1.0" encoding="UTF-8"?>
<!-- Generated by org.testng.reporters.JUnitReportReporter -->
<testsuite hostname="AND0028" name="example.NewTest" tests="1" failures="0" timestamp="5 Feb 2017 20:43:41 GMT" time="8.180" errors="0">
  <testcase name="testEasy" time="8.180" classname="example.NewTest"/>
</testsuite> <!-- example.NewTest -->
