<?xml version="1.0" encoding="UTF-8"?>
<!-- Generated by org.testng.reporters.JUnitReportReporter -->
<testsuite hostname="AND0028" name="example.NewTest" tests="1" failures="0" timestamp="16 Jan 2017 07:54:39 GMT" time="8.078" errors="0">
  <testcase name="testEasy" time="8.078" classname="example.NewTest"/>
</testsuite> <!-- example.NewTest -->
